  BitmapHandler.cpp
  Collisions.cpp
  Engine.cpp
C:\Users\kubas\Desktop\programy\grafika\DinoGameSilnik2D\Silnik2D\Engine.cpp(176,15): warning C4244: "argument": konwersja z "time_t" do "unsigned int", możliwa utrata danych
  LineSegment.cpp
  Point2D.cpp
  PrimitiveRenderer.cpp
C:\Users\kubas\Desktop\programy\grafika\DinoGameSilnik2D\Silnik2D\PrimitiveRenderer.cpp(71,27): warning C4018: "<": niezgodność typu ze znakiem/bez znaku
C:\Users\kubas\Desktop\programy\grafika\DinoGameSilnik2D\Silnik2D\PrimitiveRenderer.cpp(71,65): warning C4018: "<": niezgodność typu ze znakiem/bez znaku
C:\Users\kubas\Desktop\programy\grafika\DinoGameSilnik2D\Silnik2D\PrimitiveRenderer.cpp(74,44): warning C4244: "argument": konwersja z "int" do "T", możliwa utrata danych
          with
          [
              T=float
          ]
C:\Users\kubas\Desktop\programy\grafika\DinoGameSilnik2D\Silnik2D\PrimitiveRenderer.cpp(74,40): warning C4244: "argument": konwersja z "int" do "T", możliwa utrata danych
          with
          [
              T=float
          ]
C:\Users\kubas\Desktop\programy\grafika\DinoGameSilnik2D\Silnik2D\PrimitiveRenderer.cpp(153,39): warning C4244: "argument": konwersja z "int" do "T", możliwa utrata danych
          with
          [
              T=float
          ]
C:\Users\kubas\Desktop\programy\grafika\DinoGameSilnik2D\Silnik2D\PrimitiveRenderer.cpp(153,31): warning C4244: "argument": konwersja z "int" do "T", możliwa utrata danych
          with
          [
              T=float
          ]
C:\Users\kubas\Desktop\programy\grafika\DinoGameSilnik2D\Silnik2D\PrimitiveRenderer.cpp(154,39): warning C4244: "argument": konwersja z "int" do "T", możliwa utrata danych
          with
          [
              T=float
          ]
C:\Users\kubas\Desktop\programy\grafika\DinoGameSilnik2D\Silnik2D\PrimitiveRenderer.cpp(154,31): warning C4244: "argument": konwersja z "int" do "T", możliwa utrata danych
          with
          [
              T=float
          ]
C:\Users\kubas\Desktop\programy\grafika\DinoGameSilnik2D\Silnik2D\PrimitiveRenderer.cpp(155,39): warning C4244: "argument": konwersja z "int" do "T", możliwa utrata danych
          with
          [
              T=float
          ]
C:\Users\kubas\Desktop\programy\grafika\DinoGameSilnik2D\Silnik2D\PrimitiveRenderer.cpp(155,31): warning C4244: "argument": konwersja z "int" do "T", możliwa utrata danych
          with
          [
              T=float
          ]
C:\Users\kubas\Desktop\programy\grafika\DinoGameSilnik2D\Silnik2D\PrimitiveRenderer.cpp(156,39): warning C4244: "argument": konwersja z "int" do "T", możliwa utrata danych
          with
          [
              T=float
          ]
C:\Users\kubas\Desktop\programy\grafika\DinoGameSilnik2D\Silnik2D\PrimitiveRenderer.cpp(156,31): warning C4244: "argument": konwersja z "int" do "T", możliwa utrata danych
          with
          [
              T=float
          ]
C:\Users\kubas\Desktop\programy\grafika\DinoGameSilnik2D\Silnik2D\PrimitiveRenderer.cpp(157,39): warning C4244: "argument": konwersja z "int" do "T", możliwa utrata danych
          with
          [
              T=float
          ]
C:\Users\kubas\Desktop\programy\grafika\DinoGameSilnik2D\Silnik2D\PrimitiveRenderer.cpp(157,31): warning C4244: "argument": konwersja z "int" do "T", możliwa utrata danych
          with
          [
              T=float
          ]
C:\Users\kubas\Desktop\programy\grafika\DinoGameSilnik2D\Silnik2D\PrimitiveRenderer.cpp(158,39): warning C4244: "argument": konwersja z "int" do "T", możliwa utrata danych
          with
          [
              T=float
          ]
C:\Users\kubas\Desktop\programy\grafika\DinoGameSilnik2D\Silnik2D\PrimitiveRenderer.cpp(158,31): warning C4244: "argument": konwersja z "int" do "T", możliwa utrata danych
          with
          [
              T=float
          ]
C:\Users\kubas\Desktop\programy\grafika\DinoGameSilnik2D\Silnik2D\PrimitiveRenderer.cpp(159,39): warning C4244: "argument": konwersja z "int" do "T", możliwa utrata danych
          with
          [
              T=float
          ]
C:\Users\kubas\Desktop\programy\grafika\DinoGameSilnik2D\Silnik2D\PrimitiveRenderer.cpp(159,31): warning C4244: "argument": konwersja z "int" do "T", możliwa utrata danych
          with
          [
              T=float
          ]
C:\Users\kubas\Desktop\programy\grafika\DinoGameSilnik2D\Silnik2D\PrimitiveRenderer.cpp(160,39): warning C4244: "argument": konwersja z "int" do "T", możliwa utrata danych
          with
          [
              T=float
          ]
C:\Users\kubas\Desktop\programy\grafika\DinoGameSilnik2D\Silnik2D\PrimitiveRenderer.cpp(160,31): warning C4244: "argument": konwersja z "int" do "T", możliwa utrata danych
          with
          [
              T=float
          ]
C:\Users\kubas\Desktop\programy\grafika\DinoGameSilnik2D\Silnik2D\PrimitiveRenderer.cpp(188,14): warning C4244: "inicjowanie": konwersja z "int" do "float", możliwa utrata danych
C:\Users\kubas\Desktop\programy\grafika\DinoGameSilnik2D\Silnik2D\PrimitiveRenderer.cpp(189,14): warning C4244: "inicjowanie": konwersja z "int" do "float", możliwa utrata danych
C:\Users\kubas\Desktop\programy\grafika\DinoGameSilnik2D\Silnik2D\PrimitiveRenderer.cpp(191,13): warning C4244: "inicjowanie": konwersja z "double" do "float", możliwa utrata danych
C:\Users\kubas\Desktop\programy\grafika\DinoGameSilnik2D\Silnik2D\PrimitiveRenderer.cpp(193,14): warning C4244: "inicjowanie": konwersja z "int" do "float", możliwa utrata danych
C:\Users\kubas\Desktop\programy\grafika\DinoGameSilnik2D\Silnik2D\PrimitiveRenderer.cpp(214,65): warning C4244: "=": konwersja z "double" do "float", możliwa utrata danych
  Transformations2D.cpp
  projekt.cpp
  Trwa generowanie kodu
  45 of 264 functions (17.0%) were compiled, the rest were copied from previous compilation.
    4 functions were new in current compilation
    4 functions had inline decision re-evaluated but remain unchanged
  Zakończono generowanie kodu
  Silnik2D.vcxproj -> C:\Users\kubas\Desktop\programy\grafika\DinoGameSilnik2D\Silnik2D\Release\Silnik2D.exe
